C:\USERS\TOY---SOLDIER\DESKTOP\C&C++\PROJECT1\BANKUI\BANKUI\DEBUG\BANKUI.EXE.EMBED.MANIFEST
C:\USERS\TOY---SOLDIER\DESKTOP\C&C++\PROJECT1\BANKUI\BANKUI\DEBUG\BANKUI.EXE.EMBED.MANIFEST.RES
C:\USERS\TOY---SOLDIER\DESKTOP\C&C++\PROJECT1\BANKUI\BANKUI\DEBUG\BANKUI.EXE.INTERMEDIATE.MANIFEST
C:\USERS\TOY---SOLDIER\DESKTOP\C&C++\PROJECT1\BANKUI\BANKUI\DEBUG\BANKUI.OBJ
C:\USERS\TOY---SOLDIER\DESKTOP\C&C++\PROJECT1\BANKUI\BANKUI\DEBUG\BANKUI.PCH
C:\USERS\TOY---SOLDIER\DESKTOP\C&C++\PROJECT1\BANKUI\BANKUI\DEBUG\BANKUI.RES
C:\Users\toy---soldier\Desktop\c&c++\project1\BankUI\BankUI\Debug\BankUI.vcxprojResolveAssemblyReference.cache
C:\Users\toy---soldier\Desktop\c&c++\project1\BankUI\BankUI\Debug\BankUI.write.1.tlog
C:\Users\toy---soldier\Desktop\c&c++\project1\BankUI\BankUI\Debug\BankUI_manifest.rc
C:\USERS\TOY---SOLDIER\DESKTOP\C&C++\PROJECT1\BANKUI\BANKUI\DEBUG\BANKUIDLG.OBJ
C:\Users\toy---soldier\Desktop\c&c++\project1\BankUI\BankUI\Debug\cl.command.1.tlog
C:\Users\toy---soldier\Desktop\c&c++\project1\BankUI\BankUI\Debug\CL.read.1.tlog
C:\Users\toy---soldier\Desktop\c&c++\project1\BankUI\BankUI\Debug\CL.write.1.tlog
C:\Users\toy---soldier\Desktop\c&c++\project1\BankUI\BankUI\Debug\link.4284.read.1.tlog
C:\Users\toy---soldier\Desktop\c&c++\project1\BankUI\BankUI\Debug\link.4284.write.1.tlog
C:\Users\toy---soldier\Desktop\c&c++\project1\BankUI\BankUI\Debug\link.4284-cvtres.read.1.tlog
C:\Users\toy---soldier\Desktop\c&c++\project1\BankUI\BankUI\Debug\link.4284-cvtres.write.1.tlog
C:\Users\toy---soldier\Desktop\c&c++\project1\BankUI\BankUI\Debug\link.9388.read.1.tlog
C:\Users\toy---soldier\Desktop\c&c++\project1\BankUI\BankUI\Debug\link.9388.write.1.tlog
C:\Users\toy---soldier\Desktop\c&c++\project1\BankUI\BankUI\Debug\link.9388-cvtres.read.1.tlog
C:\Users\toy---soldier\Desktop\c&c++\project1\BankUI\BankUI\Debug\link.9388-cvtres.write.1.tlog
C:\Users\toy---soldier\Desktop\c&c++\project1\BankUI\BankUI\Debug\link.command.1.tlog
C:\Users\toy---soldier\Desktop\c&c++\project1\BankUI\BankUI\Debug\link.read.1.tlog
C:\Users\toy---soldier\Desktop\c&c++\project1\BankUI\BankUI\Debug\link.write.1.tlog
C:\Users\toy---soldier\Desktop\c&c++\project1\BankUI\BankUI\Debug\link-cvtres.read.1.tlog
C:\Users\toy---soldier\Desktop\c&c++\project1\BankUI\BankUI\Debug\link-cvtres.write.1.tlog
C:\USERS\TOY---SOLDIER\DESKTOP\C&C++\PROJECT1\BANKUI\BANKUI\DEBUG\MAINDIG.OBJ
C:\Users\toy---soldier\Desktop\c&c++\project1\BankUI\BankUI\Debug\mt.command.1.tlog
C:\Users\toy---soldier\Desktop\c&c++\project1\BankUI\BankUI\Debug\mt.read.1.tlog
C:\Users\toy---soldier\Desktop\c&c++\project1\BankUI\BankUI\Debug\mt.write.1.tlog
C:\USERS\TOY---SOLDIER\DESKTOP\C&C++\PROJECT1\BANKUI\BANKUI\DEBUG\MYSQL_OP.OBJ
C:\Users\toy---soldier\Desktop\c&c++\project1\BankUI\BankUI\Debug\rc.command.1.tlog
C:\Users\toy---soldier\Desktop\c&c++\project1\BankUI\BankUI\Debug\rc.read.1.tlog
C:\Users\toy---soldier\Desktop\c&c++\project1\BankUI\BankUI\Debug\rc.write.1.tlog
C:\USERS\TOY---SOLDIER\DESKTOP\C&C++\PROJECT1\BANKUI\BANKUI\DEBUG\STDAFX.OBJ
C:\Users\toy---soldier\Desktop\c&c++\project1\BankUI\BankUI\Debug\vc100.idb
C:\USERS\TOY---SOLDIER\DESKTOP\C&C++\PROJECT1\BANKUI\BANKUI\DEBUG\VC100.PDB
C:\USERS\TOY---SOLDIER\DESKTOP\C&C++\PROJECT1\BANKUI\DEBUG\BANKUI.EXE
C:\USERS\TOY---SOLDIER\DESKTOP\C&C++\PROJECT1\BANKUI\DEBUG\BANKUI.ILK
C:\USERS\TOY---SOLDIER\DESKTOP\C&C++\PROJECT1\BANKUI\DEBUG\BANKUI.PDB
