C:\USERS\TOY---SOLDIER\DESKTOP\C&C++\PROJECT1\BANKUI\BANKUI\X64\DEBUG\BANKUI.EXE.EMBED.MANIFEST
C:\USERS\TOY---SOLDIER\DESKTOP\C&C++\PROJECT1\BANKUI\BANKUI\X64\DEBUG\BANKUI.EXE.EMBED.MANIFEST.RES
C:\USERS\TOY---SOLDIER\DESKTOP\C&C++\PROJECT1\BANKUI\BANKUI\X64\DEBUG\BANKUI.EXE.INTERMEDIATE.MANIFEST
C:\USERS\TOY---SOLDIER\DESKTOP\C&C++\PROJECT1\BANKUI\BANKUI\X64\DEBUG\BANKUI.OBJ
C:\USERS\TOY---SOLDIER\DESKTOP\C&C++\PROJECT1\BANKUI\BANKUI\X64\DEBUG\BANKUI.PCH
C:\USERS\TOY---SOLDIER\DESKTOP\C&C++\PROJECT1\BANKUI\BANKUI\X64\DEBUG\BANKUI.RES
C:\Users\toy---soldier\Desktop\c&c++\project1\BankUI\BankUI\x64\Debug\BankUI.vcxprojResolveAssemblyReference.cache
C:\Users\toy---soldier\Desktop\c&c++\project1\BankUI\BankUI\x64\Debug\BankUI.write.1.tlog
C:\Users\toy---soldier\Desktop\c&c++\project1\BankUI\BankUI\x64\Debug\BankUI_manifest.rc
C:\USERS\TOY---SOLDIER\DESKTOP\C&C++\PROJECT1\BANKUI\BANKUI\X64\DEBUG\BANKUIDLG.OBJ
C:\USERS\TOY---SOLDIER\DESKTOP\C&C++\PROJECT1\BANKUI\BANKUI\X64\DEBUG\CARD.OBJ
C:\Users\toy---soldier\Desktop\c&c++\project1\BankUI\BankUI\x64\Debug\cl.command.1.tlog
C:\Users\toy---soldier\Desktop\c&c++\project1\BankUI\BankUI\x64\Debug\CL.read.1.tlog
C:\Users\toy---soldier\Desktop\c&c++\project1\BankUI\BankUI\x64\Debug\CL.write.1.tlog
C:\USERS\TOY---SOLDIER\DESKTOP\C&C++\PROJECT1\BANKUI\BANKUI\X64\DEBUG\DEPOSITE.OBJ
C:\USERS\TOY---SOLDIER\DESKTOP\C&C++\PROJECT1\BANKUI\BANKUI\X64\DEBUG\FUNCTION.OBJ
C:\Users\toy---soldier\Desktop\c&c++\project1\BankUI\BankUI\x64\Debug\link.10724.read.1.tlog
C:\Users\toy---soldier\Desktop\c&c++\project1\BankUI\BankUI\x64\Debug\link.10724.write.1.tlog
C:\Users\toy---soldier\Desktop\c&c++\project1\BankUI\BankUI\x64\Debug\link.10724-cvtres.read.1.tlog
C:\Users\toy---soldier\Desktop\c&c++\project1\BankUI\BankUI\x64\Debug\link.10724-cvtres.write.1.tlog
C:\Users\toy---soldier\Desktop\c&c++\project1\BankUI\BankUI\x64\Debug\link.11028.read.1.tlog
C:\Users\toy---soldier\Desktop\c&c++\project1\BankUI\BankUI\x64\Debug\link.11028.write.1.tlog
C:\Users\toy---soldier\Desktop\c&c++\project1\BankUI\BankUI\x64\Debug\link.11028-cvtres.read.1.tlog
C:\Users\toy---soldier\Desktop\c&c++\project1\BankUI\BankUI\x64\Debug\link.11028-cvtres.write.1.tlog
C:\Users\toy---soldier\Desktop\c&c++\project1\BankUI\BankUI\x64\Debug\link.command.1.tlog
C:\Users\toy---soldier\Desktop\c&c++\project1\BankUI\BankUI\x64\Debug\link.read.1.tlog
C:\Users\toy---soldier\Desktop\c&c++\project1\BankUI\BankUI\x64\Debug\link.write.1.tlog
C:\Users\toy---soldier\Desktop\c&c++\project1\BankUI\BankUI\x64\Debug\link-cvtres.read.1.tlog
C:\Users\toy---soldier\Desktop\c&c++\project1\BankUI\BankUI\x64\Debug\link-cvtres.write.1.tlog
C:\USERS\TOY---SOLDIER\DESKTOP\C&C++\PROJECT1\BANKUI\BANKUI\X64\DEBUG\LOGINMENU.OBJ
C:\Users\toy---soldier\Desktop\c&c++\project1\BankUI\BankUI\x64\Debug\mt.command.1.tlog
C:\Users\toy---soldier\Desktop\c&c++\project1\BankUI\BankUI\x64\Debug\mt.read.1.tlog
C:\Users\toy---soldier\Desktop\c&c++\project1\BankUI\BankUI\x64\Debug\mt.write.1.tlog
C:\USERS\TOY---SOLDIER\DESKTOP\C&C++\PROJECT1\BANKUI\BANKUI\X64\DEBUG\MYSQL_OP.OBJ
C:\USERS\TOY---SOLDIER\DESKTOP\C&C++\PROJECT1\BANKUI\BANKUI\X64\DEBUG\MYSQLFORBANK.OBJ
C:\Users\toy---soldier\Desktop\c&c++\project1\BankUI\BankUI\x64\Debug\rc.command.1.tlog
C:\Users\toy---soldier\Desktop\c&c++\project1\BankUI\BankUI\x64\Debug\rc.read.1.tlog
C:\Users\toy---soldier\Desktop\c&c++\project1\BankUI\BankUI\x64\Debug\rc.write.1.tlog
C:\USERS\TOY---SOLDIER\DESKTOP\C&C++\PROJECT1\BANKUI\BANKUI\X64\DEBUG\SHOWBLANCE.OBJ
C:\USERS\TOY---SOLDIER\DESKTOP\C&C++\PROJECT1\BANKUI\BANKUI\X64\DEBUG\STDAFX.OBJ
C:\Users\toy---soldier\Desktop\c&c++\project1\BankUI\BankUI\x64\Debug\vc100.idb
C:\USERS\TOY---SOLDIER\DESKTOP\C&C++\PROJECT1\BANKUI\BANKUI\X64\DEBUG\VC100.PDB
C:\USERS\TOY---SOLDIER\DESKTOP\C&C++\PROJECT1\BANKUI\BANKUI\X64\DEBUG\WITHDRAW.OBJ
C:\USERS\TOY---SOLDIER\DESKTOP\C&C++\PROJECT1\BANKUI\X64\DEBUG\BANKUI.EXE
C:\USERS\TOY---SOLDIER\DESKTOP\C&C++\PROJECT1\BANKUI\X64\DEBUG\BANKUI.ILK
C:\USERS\TOY---SOLDIER\DESKTOP\C&C++\PROJECT1\BANKUI\X64\DEBUG\BANKUI.PDB
